<?xml version="1.0" encoding="UTF-8"?>
<testsuite xmlns:xsi="http://www.w3.org/2001/XMLSchema-instance" xsi:noNamespaceSchemaLocation="https://maven.apache.org/surefire/maven-surefire-plugin/xsd/surefire-test-report-3.0.xsd" version="3.0" name="com.fastcampus.hadoop.MovieAverageRateTopKTest" time="0.777" tests="5" errors="0" skipped="0" failures="0">
  <properties>
[...]
</properties>
  <testcase name="movieMapTest" classname="com.fastcampus.hadoop.MovieAverageRateTopKTest" time="0.585">
    <system-out><![CDATA[[(1, MToy Story (1995)), (2, MJumanji (1995))]
]]></system-out>
    <system-err><![CDATA[log4j:WARN No appenders could be found for logger (org.apache.hadoop.util.Shell).
log4j:WARN Please initialize the log4j system properly.
log4j:WARN See http://logging.apache.org/log4j/1.2/faq.html#noconfig for more info.
]]></system-err>
  </testcase>
  <testcase name="ratingMapTest" classname="com.fastcampus.hadoop.MovieAverageRateTopKTest" time="0.041">
    <system-out><![CDATA[[(1, R4.0), (1, R4.5), (2, R4.0), (2, R4.5)]
]]></system-out>
  </testcase>
  <testcase name="movieRatingJoinReduceTest" classname="com.fastcampus.hadoop.MovieAverageRateTopKTest" time="0.066">
    <system-out><![CDATA[[(Toy Story (1995), 4.5), (Jumanji (1995), 4.5)]
]]></system-out>
  </testcase>
  <testcase name="topKMapTest" classname="com.fastcampus.hadoop.MovieAverageRateTopKTest" time="0.019">
    <system-out><![CDATA[[(4.5, Toy Story (1995)$$Jumanji (1995))]
]]></system-out>
  </testcase>
  <testcase name="topKReduceTest" classname="com.fastcampus.hadoop.MovieAverageRateTopKTest" time="0.019">
    <system-out><![CDATA[[(Toy Story (1995), Jumanji (1995), 4.25)]
]]></system-out>
  </testcase>
</testsuite>